<?xml version="1.0" encoding="UTF-8"?>
<!-- Generated by org.testng.reporters.JUnitXMLReporter -->
<testsuite ignored="0" hostname="Bilal-PC" failures="0" tests="17" name="End To End" time="319.305" errors="0" timestamp="08 juin 2019 20:56:02 GMT">
  <testcase classname="com.updateclassiccrm.testcases.LoginPageTest" name="urlTest" time="1.488"/>
  <testcase classname="com.updateclassiccrm.testcases.LoginPageTest" name="titleTest" time="1.233"/>
  <testcase classname="com.updateclassiccrm.testcases.LoginPageTest" name="logoTest" time="1.233"/>
  <testcase classname="com.updateclassiccrm.testcases.LoginPageTest" name="validLoginTest" time="3.904"/>
  <testcase classname="com.updateclassiccrm.testcases.LoginPageTest" name="invalidLoginTest" time="2.757"/>
  <testcase classname="com.updateclassiccrm.testcases.LoginPageTest" name="invalidLoginTest" time="2.291"/>
  <testcase classname="com.updateclassiccrm.testcases.LoginPageTest" name="invalidLoginTest" time="3.229"/>
  <testcase classname="com.updateclassiccrm.testcases.LoginPageTest" name="invalidLoginTest" time="2.03"/>
  <testcase classname="com.updateclassiccrm.testcases.HomePageTest" name="clickOnContact" time="1.765"/>
  <testcase classname="com.updateclassiccrm.testcases.HomePageTest" name="clickOnDeals" time="1.638"/>
  <testcase classname="com.updateclassiccrm.testcases.HomePageTest" name="clickOnTasks" time="1.548"/>
  <testcase classname="com.updateclassiccrm.testcases.ContactPageTest" name="addNewContact" time="4.261"/>
  <testcase classname="com.updateclassiccrm.testcases.ContactPageTest" name="addNewContact" time="3.808"/>
  <testcase classname="com.updateclassiccrm.testcases.ContactPageTest" name="addNewContact" time="3.752"/>
  <testcase classname="com.updateclassiccrm.testcases.ContactPageTest" name="addNewContact" time="3.894"/>
  <testcase classname="com.updateclassiccrm.testcases.ContactPageTest" name="addNewContact" time="3.884"/>
  <testcase classname="com.updateclassiccrm.testcases.ContactPageTest" name="addNewContact" time="4.047"/>
</testsuite> <!-- End To End -->
