<?xml version="1.0" encoding="UTF-8"?>
<!-- Generated by org.testng.reporters.JUnitXMLReporter -->
<testsuite ignored="1" hostname="Bilal-PC" failures="0" tests="11" name="End To End" time="181.804" errors="0" timestamp="08 juin 2019 15:46:27 GMT">
  <testcase classname="com.updateclassiccrm.testcases.LoginPageTest" name="urlTest" time="1.296"/>
  <testcase classname="com.updateclassiccrm.testcases.LoginPageTest" name="titleTest" time="1.321"/>
  <testcase classname="com.updateclassiccrm.testcases.LoginPageTest" name="logoTest" time="1.253"/>
  <testcase classname="com.updateclassiccrm.testcases.LoginPageTest" name="validLoginTest" time="4.036"/>
  <testcase classname="com.updateclassiccrm.testcases.LoginPageTest" name="invalidLoginTest" time="4.032"/>
  <testcase classname="com.updateclassiccrm.testcases.LoginPageTest" name="invalidLoginTest" time="2.002"/>
  <testcase classname="com.updateclassiccrm.testcases.LoginPageTest" name="invalidLoginTest" time="2.273"/>
  <testcase classname="com.updateclassiccrm.testcases.LoginPageTest" name="invalidLoginTest" time="2.164"/>
  <testcase classname="com.updateclassiccrm.testcases.HomePageTest" name="clickOnContact" time="1.68"/>
  <testcase classname="com.updateclassiccrm.testcases.HomePageTest" name="clickOnDeals" time="1.672"/>
  <testcase classname="com.updateclassiccrm.testcases.HomePageTest" name="clickOnTasks" time="1.55"/>
  <testcase classname="com.updateclassiccrm.testcases.ContactPageTest" name="addNewContact" time="0.0">
    <ignored/>
  </testcase> <!-- addNewContact -->
</testsuite> <!-- End To End -->
