<?xml version="1.0" encoding="UTF-8"?>
<testsuite xmlns:xsi="http://www.w3.org/2001/XMLSchema-instance" xsi:noNamespaceSchemaLocation="https://maven.apache.org/surefire/maven-surefire-plugin/xsd/surefire-test-report-3.0.xsd" version="3.0" name="TestSuite" time="113.673" tests="8" errors="0" skipped="0" failures="0">
  <properties>
[...]
</properties>
  <testcase name="urlTest" classname="com.updateclassiccrm.testcases.LoginPageTest" time="0.01"/>
  <testcase name="titleTest" classname="com.updateclassiccrm.testcases.LoginPageTest" time="0.005"/>
  <testcase name="logoTest" classname="com.updateclassiccrm.testcases.LoginPageTest" time="0.049"/>
  <testcase name="loginTest" classname="com.updateclassiccrm.testcases.LoginPageTest" time="3.649"/>
  <testcase name="clickOnContact" classname="com.updateclassiccrm.testcases.HomePageTest" time="1.152"/>
  <testcase name="addNewContact" classname="com.updateclassiccrm.testcases.HomePageTest" time="3.071"/>
  <testcase name="clickOnDeals" classname="com.updateclassiccrm.testcases.HomePageTest" time="1.199"/>
  <testcase name="clickOnTasks" classname="com.updateclassiccrm.testcases.HomePageTest" time="1.071"/>
</testsuite>