<?xml version="1.0" encoding="UTF-8"?>
<testng-results ignored="0" total="8" passed="8" failed="0" skipped="0">
  <reporter-output>
  </reporter-output>
  <suite started-at="2019-06-06T14:50:32Z" name="CRMPRO TEST AUTOMATION" finished-at="2019-06-06T14:52:24Z" duration-ms="112677">
    <groups>
    </groups>
    <test started-at="2019-06-06T14:50:32Z" name="End To End" finished-at="2019-06-06T14:52:24Z" duration-ms="112677">
      <class name="com.updateclassiccrm.testcases.HomePageTest">
        <test-method is-config="true" signature="setupAndLogin()[pri:0, instance:com.updateclassiccrm.testcases.HomePageTest@58134517]" started-at="2019-06-06T14:51:22Z" name="setupAndLogin" finished-at="2019-06-06T14:51:34Z" duration-ms="12069" status="PASS">
          <reporter-output>
          </reporter-output>
        </test-method> <!-- setupAndLogin -->
        <test-method signature="clickOnContact()[pri:5, instance:com.updateclassiccrm.testcases.HomePageTest@58134517]" started-at="2019-06-06T14:51:34Z" name="clickOnContact" finished-at="2019-06-06T14:51:35Z" duration-ms="1151" status="PASS">
          <reporter-output>
          </reporter-output>
        </test-method> <!-- clickOnContact -->
        <test-method is-config="true" signature="teardown()[pri:0, instance:com.updateclassiccrm.testcases.HomePageTest@58134517]" started-at="2019-06-06T14:51:35Z" name="teardown" finished-at="2019-06-06T14:51:37Z" duration-ms="1553" status="PASS">
          <reporter-output>
          </reporter-output>
        </test-method> <!-- teardown -->
        <test-method is-config="true" signature="setupAndLogin()[pri:0, instance:com.updateclassiccrm.testcases.HomePageTest@58134517]" started-at="2019-06-06T14:51:37Z" name="setupAndLogin" finished-at="2019-06-06T14:51:50Z" duration-ms="12895" status="PASS">
          <reporter-output>
          </reporter-output>
        </test-method> <!-- setupAndLogin -->
        <test-method signature="addNewContact()[pri:6, instance:com.updateclassiccrm.testcases.HomePageTest@58134517]" started-at="2019-06-06T14:51:50Z" name="addNewContact" finished-at="2019-06-06T14:51:53Z" duration-ms="3068" status="PASS">
          <reporter-output>
          </reporter-output>
        </test-method> <!-- addNewContact -->
        <test-method is-config="true" signature="teardown()[pri:0, instance:com.updateclassiccrm.testcases.HomePageTest@58134517]" started-at="2019-06-06T14:51:53Z" name="teardown" finished-at="2019-06-06T14:51:54Z" duration-ms="1494" status="PASS">
          <reporter-output>
          </reporter-output>
        </test-method> <!-- teardown -->
        <test-method is-config="true" signature="setupAndLogin()[pri:0, instance:com.updateclassiccrm.testcases.HomePageTest@58134517]" started-at="2019-06-06T14:51:54Z" name="setupAndLogin" finished-at="2019-06-06T14:52:07Z" duration-ms="12804" status="PASS">
          <reporter-output>
          </reporter-output>
        </test-method> <!-- setupAndLogin -->
        <test-method signature="clickOnDeals()[pri:7, instance:com.updateclassiccrm.testcases.HomePageTest@58134517]" started-at="2019-06-06T14:52:07Z" name="clickOnDeals" finished-at="2019-06-06T14:52:08Z" duration-ms="1198" status="PASS">
          <reporter-output>
          </reporter-output>
        </test-method> <!-- clickOnDeals -->
        <test-method is-config="true" signature="teardown()[pri:0, instance:com.updateclassiccrm.testcases.HomePageTest@58134517]" started-at="2019-06-06T14:52:08Z" name="teardown" finished-at="2019-06-06T14:52:09Z" duration-ms="1389" status="PASS">
          <reporter-output>
          </reporter-output>
        </test-method> <!-- teardown -->
        <test-method is-config="true" signature="setupAndLogin()[pri:0, instance:com.updateclassiccrm.testcases.HomePageTest@58134517]" started-at="2019-06-06T14:52:09Z" name="setupAndLogin" finished-at="2019-06-06T14:52:22Z" duration-ms="12375" status="PASS">
          <reporter-output>
          </reporter-output>
        </test-method> <!-- setupAndLogin -->
        <test-method signature="clickOnTasks()[pri:8, instance:com.updateclassiccrm.testcases.HomePageTest@58134517]" started-at="2019-06-06T14:52:22Z" name="clickOnTasks" finished-at="2019-06-06T14:52:23Z" duration-ms="1070" status="PASS">
          <reporter-output>
          </reporter-output>
        </test-method> <!-- clickOnTasks -->
        <test-method is-config="true" signature="teardown()[pri:0, instance:com.updateclassiccrm.testcases.HomePageTest@58134517]" started-at="2019-06-06T14:52:23Z" name="teardown" finished-at="2019-06-06T14:52:24Z" duration-ms="1296" status="PASS">
          <reporter-output>
          </reporter-output>
        </test-method> <!-- teardown -->
      </class> <!-- com.updateclassiccrm.testcases.HomePageTest -->
      <class name="com.updateclassiccrm.testcases.LoginPageTest">
        <test-method is-config="true" signature="setup()[pri:0, instance:com.updateclassiccrm.testcases.LoginPageTest@4450d156]" started-at="2019-06-06T14:50:32Z" name="setup" finished-at="2019-06-06T14:50:43Z" duration-ms="11583" status="PASS">
          <reporter-output>
          </reporter-output>
        </test-method> <!-- setup -->
        <test-method signature="urlTest()[pri:1, instance:com.updateclassiccrm.testcases.LoginPageTest@4450d156]" started-at="2019-06-06T14:50:43Z" name="urlTest" finished-at="2019-06-06T14:50:43Z" duration-ms="9" status="PASS">
          <reporter-output>
          </reporter-output>
        </test-method> <!-- urlTest -->
        <test-method is-config="true" signature="teardown()[pri:0, instance:com.updateclassiccrm.testcases.LoginPageTest@4450d156]" started-at="2019-06-06T14:50:43Z" name="teardown" finished-at="2019-06-06T14:50:44Z" duration-ms="1014" status="PASS">
          <reporter-output>
          </reporter-output>
        </test-method> <!-- teardown -->
        <test-method is-config="true" signature="setup()[pri:0, instance:com.updateclassiccrm.testcases.LoginPageTest@4450d156]" started-at="2019-06-06T14:50:44Z" name="setup" finished-at="2019-06-06T14:50:54Z" duration-ms="9893" status="PASS">
          <reporter-output>
          </reporter-output>
        </test-method> <!-- setup -->
        <test-method signature="titleTest()[pri:2, instance:com.updateclassiccrm.testcases.LoginPageTest@4450d156]" started-at="2019-06-06T14:50:54Z" name="titleTest" finished-at="2019-06-06T14:50:54Z" duration-ms="6" status="PASS">
          <reporter-output>
          </reporter-output>
        </test-method> <!-- titleTest -->
        <test-method is-config="true" signature="teardown()[pri:0, instance:com.updateclassiccrm.testcases.LoginPageTest@4450d156]" started-at="2019-06-06T14:50:54Z" name="teardown" finished-at="2019-06-06T14:50:55Z" duration-ms="921" status="PASS">
          <reporter-output>
          </reporter-output>
        </test-method> <!-- teardown -->
        <test-method is-config="true" signature="setup()[pri:0, instance:com.updateclassiccrm.testcases.LoginPageTest@4450d156]" started-at="2019-06-06T14:50:55Z" name="setup" finished-at="2019-06-06T14:51:05Z" duration-ms="9857" status="PASS">
          <reporter-output>
          </reporter-output>
        </test-method> <!-- setup -->
        <test-method signature="logoTest()[pri:3, instance:com.updateclassiccrm.testcases.LoginPageTest@4450d156]" started-at="2019-06-06T14:51:05Z" name="logoTest" finished-at="2019-06-06T14:51:05Z" duration-ms="51" status="PASS">
          <reporter-output>
          </reporter-output>
        </test-method> <!-- logoTest -->
        <test-method is-config="true" signature="teardown()[pri:0, instance:com.updateclassiccrm.testcases.LoginPageTest@4450d156]" started-at="2019-06-06T14:51:05Z" name="teardown" finished-at="2019-06-06T14:51:06Z" duration-ms="904" status="PASS">
          <reporter-output>
          </reporter-output>
        </test-method> <!-- teardown -->
        <test-method is-config="true" signature="setup()[pri:0, instance:com.updateclassiccrm.testcases.LoginPageTest@4450d156]" started-at="2019-06-06T14:51:06Z" name="setup" finished-at="2019-06-06T14:51:16Z" duration-ms="9757" status="PASS">
          <reporter-output>
          </reporter-output>
        </test-method> <!-- setup -->
        <test-method signature="loginTest()[pri:4, instance:com.updateclassiccrm.testcases.LoginPageTest@4450d156]" started-at="2019-06-06T14:51:16Z" name="loginTest" finished-at="2019-06-06T14:51:19Z" duration-ms="3653" status="PASS">
          <reporter-output>
          </reporter-output>
        </test-method> <!-- loginTest -->
        <test-method is-config="true" signature="teardown()[pri:0, instance:com.updateclassiccrm.testcases.LoginPageTest@4450d156]" started-at="2019-06-06T14:51:19Z" name="teardown" finished-at="2019-06-06T14:51:22Z" duration-ms="2635" status="PASS">
          <reporter-output>
          </reporter-output>
        </test-method> <!-- teardown -->
      </class> <!-- com.updateclassiccrm.testcases.LoginPageTest -->
    </test> <!-- End To End -->
  </suite> <!-- CRMPRO TEST AUTOMATION -->
</testng-results>
