<?xml version="1.0" encoding="UTF-8"?>
<!-- Generated by org.testng.reporters.JUnitXMLReporter -->
<testsuite ignored="0" hostname="Bilal-PC" failures="0" tests="17" name="End To End" time="308.757" errors="0" timestamp="08 juin 2019 23:54:40 GMT">
  <testcase classname="com.updateclassiccrm.testcases.LoginPageTest" name="urlTest" time="1.495"/>
  <testcase classname="com.updateclassiccrm.testcases.LoginPageTest" name="titleTest" time="1.255"/>
  <testcase classname="com.updateclassiccrm.testcases.LoginPageTest" name="logoTest" time="1.239"/>
  <testcase classname="com.updateclassiccrm.testcases.LoginPageTest" name="validLoginTest" time="3.954"/>
  <testcase classname="com.updateclassiccrm.testcases.LoginPageTest" name="invalidLoginTest" time="2.765"/>
  <testcase classname="com.updateclassiccrm.testcases.LoginPageTest" name="invalidLoginTest" time="2.823"/>
  <testcase classname="com.updateclassiccrm.testcases.LoginPageTest" name="invalidLoginTest" time="2.787"/>
  <testcase classname="com.updateclassiccrm.testcases.LoginPageTest" name="invalidLoginTest" time="2.472"/>
  <testcase classname="com.updateclassiccrm.testcases.HomePageTest" name="clickOnContact" time="1.686"/>
  <testcase classname="com.updateclassiccrm.testcases.HomePageTest" name="clickOnDeals" time="1.526"/>
  <testcase classname="com.updateclassiccrm.testcases.HomePageTest" name="clickOnTasks" time="1.55"/>
  <testcase classname="com.updateclassiccrm.testcases.ContactPageTest" name="addNewContact" time="3.7"/>
  <testcase classname="com.updateclassiccrm.testcases.ContactPageTest" name="addNewContact" time="3.733"/>
  <testcase classname="com.updateclassiccrm.testcases.ContactPageTest" name="addNewContact" time="3.547"/>
  <testcase classname="com.updateclassiccrm.testcases.ContactPageTest" name="addNewContact" time="3.575"/>
  <testcase classname="com.updateclassiccrm.testcases.ContactPageTest" name="addNewContact" time="3.781"/>
  <testcase classname="com.updateclassiccrm.testcases.ContactPageTest" name="addNewContact" time="3.886"/>
</testsuite> <!-- End To End -->
