<?xml version="1.0" encoding="UTF-8"?>
<!-- Generated by org.testng.reporters.JUnitXMLReporter -->
<testsuite ignored="0" hostname="Bilal-PC" failures="0" tests="8" name="End To End" time="133.295" errors="0" timestamp="06 juin 2019 16:55:47 GMT">
  <testcase classname="com.updateclassiccrm.testcases.LoginPageTest" name="urlTest" time="0.883"/>
  <testcase classname="com.updateclassiccrm.testcases.LoginPageTest" name="titleTest" time="0.466"/>
  <testcase classname="com.updateclassiccrm.testcases.LoginPageTest" name="logoTest" time="0.512"/>
  <testcase classname="com.updateclassiccrm.testcases.LoginPageTest" name="loginTest" time="4.595"/>
  <testcase classname="com.updateclassiccrm.testcases.HomePageTest" name="clickOnContact" time="1.705"/>
  <testcase classname="com.updateclassiccrm.testcases.HomePageTest" name="addNewContact" time="3.818"/>
  <testcase classname="com.updateclassiccrm.testcases.HomePageTest" name="clickOnDeals" time="1.575"/>
  <testcase classname="com.updateclassiccrm.testcases.HomePageTest" name="clickOnTasks" time="1.554"/>
</testsuite> <!-- End To End -->
