<?xml version="1.0" encoding="UTF-8"?>
<!-- Generated by org.testng.reporters.JUnitXMLReporter -->
<testsuite ignored="8" hostname="Bilal-PC" failures="0" tests="0" time="0.0" errors="0" timestamp="06 juin 2019 14:40:29 GMT">
  <testcase classname="com.updateclassiccrm.testcases.LoginPageTest" name="urlTest" time="0.0">
    <ignored/>
  </testcase> <!-- urlTest -->
  <testcase classname="com.updateclassiccrm.testcases.HomePageTest" name="addNewContact" time="0.0">
    <ignored/>
  </testcase> <!-- addNewContact -->
  <testcase classname="com.updateclassiccrm.testcases.LoginPageTest" name="titleTest" time="0.0">
    <ignored/>
  </testcase> <!-- titleTest -->
  <testcase classname="com.updateclassiccrm.testcases.LoginPageTest" name="loginTest" time="0.0">
    <ignored/>
  </testcase> <!-- loginTest -->
  <testcase classname="com.updateclassiccrm.testcases.HomePageTest" name="clickOnDeals" time="0.0">
    <ignored/>
  </testcase> <!-- clickOnDeals -->
  <testcase classname="com.updateclassiccrm.testcases.HomePageTest" name="clickOnContact" time="0.0">
    <ignored/>
  </testcase> <!-- clickOnContact -->
  <testcase classname="com.updateclassiccrm.testcases.LoginPageTest" name="logoTest" time="0.0">
    <ignored/>
  </testcase> <!-- logoTest -->
  <testcase classname="com.updateclassiccrm.testcases.HomePageTest" name="clickOnTasks" time="0.0">
    <ignored/>
  </testcase> <!-- clickOnTasks -->
</testsuite>
