<?xml version="1.0" encoding="UTF-8"?>
<testng-results ignored="0" total="17" passed="17" failed="0" skipped="0">
  <reporter-output>
  </reporter-output>
  <suite started-at="2019-06-08T23:49:31Z" name="CRMPRO TEST AUTOMATION" finished-at="2019-06-08T23:54:40Z" duration-ms="308757">
    <groups>
    </groups>
    <test started-at="2019-06-08T23:49:31Z" name="End To End" finished-at="2019-06-08T23:54:40Z" duration-ms="308757">
      <class name="com.updateclassiccrm.testcases.HomePageTest">
        <test-method is-config="true" signature="setupAndLogin(java.lang.reflect.Method, java.lang.String)[pri:0, instance:com.updateclassiccrm.testcases.HomePageTest@5f71c76a]" started-at="2019-06-08T23:51:40Z" name="setupAndLogin" finished-at="2019-06-08T23:51:54Z" duration-ms="13620" status="PASS">
          <params>
            <param index="0">
              <value>
                <![CDATA[public void com.updateclassiccrm.testcases.HomePageTest.clickOnContact(java.lang.reflect.Method) throws java.lang.Exception]]>
              </value>
            </param>
            <param index="1">
              <value>
                <![CDATA[chrome]]>
              </value>
            </param>
          </params>
          <reporter-output>
          </reporter-output>
        </test-method> <!-- setupAndLogin -->
        <test-method signature="clickOnContact(java.lang.reflect.Method)[pri:6, instance:com.updateclassiccrm.testcases.HomePageTest@5f71c76a]" started-at="2019-06-08T23:51:54Z" name="clickOnContact" finished-at="2019-06-08T23:51:56Z" duration-ms="1686" status="PASS">
          <params>
            <param index="0">
              <value>
                <![CDATA[public void com.updateclassiccrm.testcases.HomePageTest.clickOnContact(java.lang.reflect.Method) throws java.lang.Exception]]>
              </value>
            </param>
          </params>
          <reporter-output>
          </reporter-output>
        </test-method> <!-- clickOnContact -->
        <test-method is-config="true" signature="teardown(java.lang.reflect.Method, org.testng.ITestResult)[pri:0, instance:com.updateclassiccrm.testcases.HomePageTest@5f71c76a]" started-at="2019-06-08T23:51:56Z" name="teardown" finished-at="2019-06-08T23:51:59Z" duration-ms="3408" status="PASS">
          <params>
            <param index="0">
              <value>
                <![CDATA[public void com.updateclassiccrm.testcases.HomePageTest.clickOnContact(java.lang.reflect.Method) throws java.lang.Exception]]>
              </value>
            </param>
            <param index="1">
              <value>
                <![CDATA[[TestResult name=clickOnContact status=SUCCESS method=HomePageTest.clickOnContact(java.lang.reflect.Method)[pri:6, instance:com.updateclassiccrm.testcases.HomePageTest@5f71c76a] output={null}]]]>
              </value>
            </param>
          </params>
          <reporter-output>
          </reporter-output>
        </test-method> <!-- teardown -->
        <test-method is-config="true" signature="setupAndLogin(java.lang.reflect.Method, java.lang.String)[pri:0, instance:com.updateclassiccrm.testcases.HomePageTest@5f71c76a]" started-at="2019-06-08T23:51:59Z" name="setupAndLogin" finished-at="2019-06-08T23:52:13Z" duration-ms="13747" status="PASS">
          <params>
            <param index="0">
              <value>
                <![CDATA[public void com.updateclassiccrm.testcases.HomePageTest.clickOnDeals(java.lang.reflect.Method) throws java.lang.Exception]]>
              </value>
            </param>
            <param index="1">
              <value>
                <![CDATA[chrome]]>
              </value>
            </param>
          </params>
          <reporter-output>
          </reporter-output>
        </test-method> <!-- setupAndLogin -->
        <test-method signature="clickOnDeals(java.lang.reflect.Method)[pri:7, instance:com.updateclassiccrm.testcases.HomePageTest@5f71c76a]" started-at="2019-06-08T23:52:13Z" name="clickOnDeals" finished-at="2019-06-08T23:52:14Z" duration-ms="1526" status="PASS">
          <params>
            <param index="0">
              <value>
                <![CDATA[public void com.updateclassiccrm.testcases.HomePageTest.clickOnDeals(java.lang.reflect.Method) throws java.lang.Exception]]>
              </value>
            </param>
          </params>
          <reporter-output>
          </reporter-output>
        </test-method> <!-- clickOnDeals -->
        <test-method is-config="true" signature="teardown(java.lang.reflect.Method, org.testng.ITestResult)[pri:0, instance:com.updateclassiccrm.testcases.HomePageTest@5f71c76a]" started-at="2019-06-08T23:52:14Z" name="teardown" finished-at="2019-06-08T23:52:18Z" duration-ms="3442" status="PASS">
          <params>
            <param index="0">
              <value>
                <![CDATA[public void com.updateclassiccrm.testcases.HomePageTest.clickOnDeals(java.lang.reflect.Method) throws java.lang.Exception]]>
              </value>
            </param>
            <param index="1">
              <value>
                <![CDATA[[TestResult name=clickOnDeals status=SUCCESS method=HomePageTest.clickOnDeals(java.lang.reflect.Method)[pri:7, instance:com.updateclassiccrm.testcases.HomePageTest@5f71c76a] output={null}]]]>
              </value>
            </param>
          </params>
          <reporter-output>
          </reporter-output>
        </test-method> <!-- teardown -->
        <test-method is-config="true" signature="setupAndLogin(java.lang.reflect.Method, java.lang.String)[pri:0, instance:com.updateclassiccrm.testcases.HomePageTest@5f71c76a]" started-at="2019-06-08T23:52:18Z" name="setupAndLogin" finished-at="2019-06-08T23:52:31Z" duration-ms="13275" status="PASS">
          <params>
            <param index="0">
              <value>
                <![CDATA[public void com.updateclassiccrm.testcases.HomePageTest.clickOnTasks(java.lang.reflect.Method) throws java.lang.Exception]]>
              </value>
            </param>
            <param index="1">
              <value>
                <![CDATA[chrome]]>
              </value>
            </param>
          </params>
          <reporter-output>
          </reporter-output>
        </test-method> <!-- setupAndLogin -->
        <test-method signature="clickOnTasks(java.lang.reflect.Method)[pri:8, instance:com.updateclassiccrm.testcases.HomePageTest@5f71c76a]" started-at="2019-06-08T23:52:31Z" name="clickOnTasks" finished-at="2019-06-08T23:52:33Z" duration-ms="1550" status="PASS">
          <params>
            <param index="0">
              <value>
                <![CDATA[public void com.updateclassiccrm.testcases.HomePageTest.clickOnTasks(java.lang.reflect.Method) throws java.lang.Exception]]>
              </value>
            </param>
          </params>
          <reporter-output>
          </reporter-output>
        </test-method> <!-- clickOnTasks -->
        <test-method is-config="true" signature="teardown(java.lang.reflect.Method, org.testng.ITestResult)[pri:0, instance:com.updateclassiccrm.testcases.HomePageTest@5f71c76a]" started-at="2019-06-08T23:52:33Z" name="teardown" finished-at="2019-06-08T23:52:36Z" duration-ms="3608" status="PASS">
          <params>
            <param index="0">
              <value>
                <![CDATA[public void com.updateclassiccrm.testcases.HomePageTest.clickOnTasks(java.lang.reflect.Method) throws java.lang.Exception]]>
              </value>
            </param>
            <param index="1">
              <value>
                <![CDATA[[TestResult name=clickOnTasks status=SUCCESS method=HomePageTest.clickOnTasks(java.lang.reflect.Method)[pri:8, instance:com.updateclassiccrm.testcases.HomePageTest@5f71c76a] output={null}]]]>
              </value>
            </param>
          </params>
          <reporter-output>
          </reporter-output>
        </test-method> <!-- teardown -->
      </class> <!-- com.updateclassiccrm.testcases.HomePageTest -->
      <class name="com.updateclassiccrm.testcases.LoginPageTest">
        <test-method is-config="true" signature="setup(java.lang.reflect.Method, java.lang.String)[pri:0, instance:com.updateclassiccrm.testcases.LoginPageTest@27fe3806]" started-at="2019-06-08T23:49:31Z" name="setup" finished-at="2019-06-08T23:49:42Z" duration-ms="11218" status="PASS">
          <params>
            <param index="0">
              <value>
                <![CDATA[public void com.updateclassiccrm.testcases.LoginPageTest.urlTest(java.lang.reflect.Method) throws java.lang.Exception]]>
              </value>
            </param>
            <param index="1">
              <value>
                <![CDATA[chrome]]>
              </value>
            </param>
          </params>
          <reporter-output>
          </reporter-output>
        </test-method> <!-- setup -->
        <test-method signature="urlTest(java.lang.reflect.Method)[pri:1, instance:com.updateclassiccrm.testcases.LoginPageTest@27fe3806]" started-at="2019-06-08T23:49:42Z" name="urlTest" finished-at="2019-06-08T23:49:44Z" duration-ms="1495" status="PASS">
          <params>
            <param index="0">
              <value>
                <![CDATA[public void com.updateclassiccrm.testcases.LoginPageTest.urlTest(java.lang.reflect.Method) throws java.lang.Exception]]>
              </value>
            </param>
          </params>
          <reporter-output>
          </reporter-output>
        </test-method> <!-- urlTest -->
        <test-method is-config="true" signature="teardown(java.lang.reflect.Method, org.testng.ITestResult)[pri:0, instance:com.updateclassiccrm.testcases.LoginPageTest@27fe3806]" started-at="2019-06-08T23:49:44Z" name="teardown" finished-at="2019-06-08T23:49:47Z" duration-ms="3134" status="PASS">
          <params>
            <param index="0">
              <value>
                <![CDATA[public void com.updateclassiccrm.testcases.LoginPageTest.urlTest(java.lang.reflect.Method) throws java.lang.Exception]]>
              </value>
            </param>
            <param index="1">
              <value>
                <![CDATA[[TestResult name=urlTest status=SUCCESS method=LoginPageTest.urlTest(java.lang.reflect.Method)[pri:1, instance:com.updateclassiccrm.testcases.LoginPageTest@27fe3806] output={null}]]]>
              </value>
            </param>
          </params>
          <reporter-output>
          </reporter-output>
        </test-method> <!-- teardown -->
        <test-method is-config="true" signature="setup(java.lang.reflect.Method, java.lang.String)[pri:0, instance:com.updateclassiccrm.testcases.LoginPageTest@27fe3806]" started-at="2019-06-08T23:49:47Z" name="setup" finished-at="2019-06-08T23:49:57Z" duration-ms="10070" status="PASS">
          <params>
            <param index="0">
              <value>
                <![CDATA[public void com.updateclassiccrm.testcases.LoginPageTest.titleTest(java.lang.reflect.Method) throws java.lang.Exception]]>
              </value>
            </param>
            <param index="1">
              <value>
                <![CDATA[chrome]]>
              </value>
            </param>
          </params>
          <reporter-output>
          </reporter-output>
        </test-method> <!-- setup -->
        <test-method signature="titleTest(java.lang.reflect.Method)[pri:2, instance:com.updateclassiccrm.testcases.LoginPageTest@27fe3806]" started-at="2019-06-08T23:49:57Z" name="titleTest" finished-at="2019-06-08T23:49:58Z" duration-ms="1255" status="PASS">
          <params>
            <param index="0">
              <value>
                <![CDATA[public void com.updateclassiccrm.testcases.LoginPageTest.titleTest(java.lang.reflect.Method) throws java.lang.Exception]]>
              </value>
            </param>
          </params>
          <reporter-output>
          </reporter-output>
        </test-method> <!-- titleTest -->
        <test-method is-config="true" signature="teardown(java.lang.reflect.Method, org.testng.ITestResult)[pri:0, instance:com.updateclassiccrm.testcases.LoginPageTest@27fe3806]" started-at="2019-06-08T23:49:58Z" name="teardown" finished-at="2019-06-08T23:50:02Z" duration-ms="3183" status="PASS">
          <params>
            <param index="0">
              <value>
                <![CDATA[public void com.updateclassiccrm.testcases.LoginPageTest.titleTest(java.lang.reflect.Method) throws java.lang.Exception]]>
              </value>
            </param>
            <param index="1">
              <value>
                <![CDATA[[TestResult name=titleTest status=SUCCESS method=LoginPageTest.titleTest(java.lang.reflect.Method)[pri:2, instance:com.updateclassiccrm.testcases.LoginPageTest@27fe3806] output={null}]]]>
              </value>
            </param>
          </params>
          <reporter-output>
          </reporter-output>
        </test-method> <!-- teardown -->
        <test-method is-config="true" signature="setup(java.lang.reflect.Method, java.lang.String)[pri:0, instance:com.updateclassiccrm.testcases.LoginPageTest@27fe3806]" started-at="2019-06-08T23:50:02Z" name="setup" finished-at="2019-06-08T23:50:12Z" duration-ms="10178" status="PASS">
          <params>
            <param index="0">
              <value>
                <![CDATA[public void com.updateclassiccrm.testcases.LoginPageTest.logoTest(java.lang.reflect.Method) throws java.lang.Exception]]>
              </value>
            </param>
            <param index="1">
              <value>
                <![CDATA[chrome]]>
              </value>
            </param>
          </params>
          <reporter-output>
          </reporter-output>
        </test-method> <!-- setup -->
        <test-method signature="logoTest(java.lang.reflect.Method)[pri:3, instance:com.updateclassiccrm.testcases.LoginPageTest@27fe3806]" started-at="2019-06-08T23:50:12Z" name="logoTest" finished-at="2019-06-08T23:50:13Z" duration-ms="1239" status="PASS">
          <params>
            <param index="0">
              <value>
                <![CDATA[public void com.updateclassiccrm.testcases.LoginPageTest.logoTest(java.lang.reflect.Method) throws java.lang.Exception]]>
              </value>
            </param>
          </params>
          <reporter-output>
          </reporter-output>
        </test-method> <!-- logoTest -->
        <test-method is-config="true" signature="teardown(java.lang.reflect.Method, org.testng.ITestResult)[pri:0, instance:com.updateclassiccrm.testcases.LoginPageTest@27fe3806]" started-at="2019-06-08T23:50:13Z" name="teardown" finished-at="2019-06-08T23:50:16Z" duration-ms="3105" status="PASS">
          <params>
            <param index="0">
              <value>
                <![CDATA[public void com.updateclassiccrm.testcases.LoginPageTest.logoTest(java.lang.reflect.Method) throws java.lang.Exception]]>
              </value>
            </param>
            <param index="1">
              <value>
                <![CDATA[[TestResult name=logoTest status=SUCCESS method=LoginPageTest.logoTest(java.lang.reflect.Method)[pri:3, instance:com.updateclassiccrm.testcases.LoginPageTest@27fe3806] output={null}]]]>
              </value>
            </param>
          </params>
          <reporter-output>
          </reporter-output>
        </test-method> <!-- teardown -->
        <test-method is-config="true" signature="setup(java.lang.reflect.Method, java.lang.String)[pri:0, instance:com.updateclassiccrm.testcases.LoginPageTest@27fe3806]" started-at="2019-06-08T23:50:16Z" name="setup" finished-at="2019-06-08T23:50:26Z" duration-ms="10077" status="PASS">
          <params>
            <param index="0">
              <value>
                <![CDATA[public void com.updateclassiccrm.testcases.LoginPageTest.validLoginTest(java.lang.reflect.Method) throws java.lang.Exception]]>
              </value>
            </param>
            <param index="1">
              <value>
                <![CDATA[chrome]]>
              </value>
            </param>
          </params>
          <reporter-output>
          </reporter-output>
        </test-method> <!-- setup -->
        <test-method signature="validLoginTest(java.lang.reflect.Method)[pri:4, instance:com.updateclassiccrm.testcases.LoginPageTest@27fe3806]" started-at="2019-06-08T23:50:26Z" name="validLoginTest" finished-at="2019-06-08T23:50:30Z" duration-ms="3954" status="PASS">
          <params>
            <param index="0">
              <value>
                <![CDATA[public void com.updateclassiccrm.testcases.LoginPageTest.validLoginTest(java.lang.reflect.Method) throws java.lang.Exception]]>
              </value>
            </param>
          </params>
          <reporter-output>
          </reporter-output>
        </test-method> <!-- validLoginTest -->
        <test-method is-config="true" signature="teardown(java.lang.reflect.Method, org.testng.ITestResult)[pri:0, instance:com.updateclassiccrm.testcases.LoginPageTest@27fe3806]" started-at="2019-06-08T23:50:30Z" name="teardown" finished-at="2019-06-08T23:50:34Z" duration-ms="3589" status="PASS">
          <params>
            <param index="0">
              <value>
                <![CDATA[public void com.updateclassiccrm.testcases.LoginPageTest.validLoginTest(java.lang.reflect.Method) throws java.lang.Exception]]>
              </value>
            </param>
            <param index="1">
              <value>
                <![CDATA[[TestResult name=validLoginTest status=SUCCESS method=LoginPageTest.validLoginTest(java.lang.reflect.Method)[pri:4, instance:com.updateclassiccrm.testcases.LoginPageTest@27fe3806] output={null}]]]>
              </value>
            </param>
          </params>
          <reporter-output>
          </reporter-output>
        </test-method> <!-- teardown -->
        <test-method is-config="true" signature="setup(java.lang.reflect.Method, java.lang.String)[pri:0, instance:com.updateclassiccrm.testcases.LoginPageTest@27fe3806]" started-at="2019-06-08T23:50:34Z" name="setup" finished-at="2019-06-08T23:50:44Z" duration-ms="10099" status="PASS">
          <params>
            <param index="0">
              <value>
                <![CDATA[public void com.updateclassiccrm.testcases.LoginPageTest.invalidLoginTest(java.lang.reflect.Method,java.lang.String,java.lang.String) throws java.lang.Exception]]>
              </value>
            </param>
            <param index="1">
              <value>
                <![CDATA[chrome]]>
              </value>
            </param>
          </params>
          <reporter-output>
          </reporter-output>
        </test-method> <!-- setup -->
        <test-method signature="invalidLoginTest(java.lang.reflect.Method, java.lang.String, java.lang.String)[pri:5, instance:com.updateclassiccrm.testcases.LoginPageTest@27fe3806]" started-at="2019-06-08T23:50:44Z" name="invalidLoginTest" data-provider="invalidLoginData" finished-at="2019-06-08T23:50:47Z" duration-ms="2765" status="PASS">
          <params>
            <param index="0">
              <value>
                <![CDATA[public void com.updateclassiccrm.testcases.LoginPageTest.invalidLoginTest(java.lang.reflect.Method,java.lang.String,java.lang.String) throws java.lang.Exception]]>
              </value>
            </param>
            <param index="1">
              <value>
                <![CDATA[UserName]]>
              </value>
            </param>
            <param index="2">
              <value>
                <![CDATA[Password]]>
              </value>
            </param>
          </params>
          <reporter-output>
          </reporter-output>
        </test-method> <!-- invalidLoginTest -->
        <test-method is-config="true" signature="teardown(java.lang.reflect.Method, org.testng.ITestResult)[pri:0, instance:com.updateclassiccrm.testcases.LoginPageTest@27fe3806]" started-at="2019-06-08T23:50:47Z" name="teardown" finished-at="2019-06-08T23:50:51Z" duration-ms="4035" status="PASS">
          <params>
            <param index="0">
              <value>
                <![CDATA[public void com.updateclassiccrm.testcases.LoginPageTest.invalidLoginTest(java.lang.reflect.Method,java.lang.String,java.lang.String) throws java.lang.Exception]]>
              </value>
            </param>
            <param index="1">
              <value>
                <![CDATA[[TestResult name=invalidLoginTest status=SUCCESS method=LoginPageTest.invalidLoginTest(java.lang.reflect.Method, java.lang.String, java.lang.String)[pri:5, instance:com.updateclassiccrm.testcases.LoginPageTest@27fe3806] output={null}]]]>
              </value>
            </param>
          </params>
          <reporter-output>
          </reporter-output>
        </test-method> <!-- teardown -->
        <test-method is-config="true" signature="setup(java.lang.reflect.Method, java.lang.String)[pri:0, instance:com.updateclassiccrm.testcases.LoginPageTest@27fe3806]" started-at="2019-06-08T23:50:51Z" name="setup" finished-at="2019-06-08T23:51:01Z" duration-ms="9786" status="PASS">
          <params>
            <param index="0">
              <value>
                <![CDATA[public void com.updateclassiccrm.testcases.LoginPageTest.invalidLoginTest(java.lang.reflect.Method,java.lang.String,java.lang.String) throws java.lang.Exception]]>
              </value>
            </param>
            <param index="1">
              <value>
                <![CDATA[chrome]]>
              </value>
            </param>
          </params>
          <reporter-output>
          </reporter-output>
        </test-method> <!-- setup -->
        <test-method signature="invalidLoginTest(java.lang.reflect.Method, java.lang.String, java.lang.String)[pri:5, instance:com.updateclassiccrm.testcases.LoginPageTest@27fe3806]" started-at="2019-06-08T23:51:01Z" name="invalidLoginTest" data-provider="invalidLoginData" finished-at="2019-06-08T23:51:04Z" duration-ms="2823" status="PASS">
          <params>
            <param index="0">
              <value>
                <![CDATA[public void com.updateclassiccrm.testcases.LoginPageTest.invalidLoginTest(java.lang.reflect.Method,java.lang.String,java.lang.String) throws java.lang.Exception]]>
              </value>
            </param>
            <param index="1">
              <value>
                <![CDATA[ukording0]]>
              </value>
            </param>
            <param index="2">
              <value>
                <![CDATA[JpC7A2bVwb]]>
              </value>
            </param>
          </params>
          <reporter-output>
          </reporter-output>
        </test-method> <!-- invalidLoginTest -->
        <test-method is-config="true" signature="teardown(java.lang.reflect.Method, org.testng.ITestResult)[pri:0, instance:com.updateclassiccrm.testcases.LoginPageTest@27fe3806]" started-at="2019-06-08T23:51:04Z" name="teardown" finished-at="2019-06-08T23:51:07Z" duration-ms="3761" status="PASS">
          <params>
            <param index="0">
              <value>
                <![CDATA[public void com.updateclassiccrm.testcases.LoginPageTest.invalidLoginTest(java.lang.reflect.Method,java.lang.String,java.lang.String) throws java.lang.Exception]]>
              </value>
            </param>
            <param index="1">
              <value>
                <![CDATA[[TestResult name=invalidLoginTest status=SUCCESS method=LoginPageTest.invalidLoginTest(java.lang.reflect.Method, java.lang.String, java.lang.String)[pri:5, instance:com.updateclassiccrm.testcases.LoginPageTest@27fe3806] output={null}]]]>
              </value>
            </param>
          </params>
          <reporter-output>
          </reporter-output>
        </test-method> <!-- teardown -->
        <test-method is-config="true" signature="setup(java.lang.reflect.Method, java.lang.String)[pri:0, instance:com.updateclassiccrm.testcases.LoginPageTest@27fe3806]" started-at="2019-06-08T23:51:07Z" name="setup" finished-at="2019-06-08T23:51:17Z" duration-ms="9781" status="PASS">
          <params>
            <param index="0">
              <value>
                <![CDATA[public void com.updateclassiccrm.testcases.LoginPageTest.invalidLoginTest(java.lang.reflect.Method,java.lang.String,java.lang.String) throws java.lang.Exception]]>
              </value>
            </param>
            <param index="1">
              <value>
                <![CDATA[chrome]]>
              </value>
            </param>
          </params>
          <reporter-output>
          </reporter-output>
        </test-method> <!-- setup -->
        <test-method signature="invalidLoginTest(java.lang.reflect.Method, java.lang.String, java.lang.String)[pri:5, instance:com.updateclassiccrm.testcases.LoginPageTest@27fe3806]" started-at="2019-06-08T23:51:17Z" name="invalidLoginTest" data-provider="invalidLoginData" finished-at="2019-06-08T23:51:20Z" duration-ms="2787" status="PASS">
          <params>
            <param index="0">
              <value>
                <![CDATA[public void com.updateclassiccrm.testcases.LoginPageTest.invalidLoginTest(java.lang.reflect.Method,java.lang.String,java.lang.String) throws java.lang.Exception]]>
              </value>
            </param>
            <param index="1">
              <value>
                <![CDATA[zetteridge1]]>
              </value>
            </param>
            <param index="2">
              <value>
                <![CDATA[ZZjiNaIV]]>
              </value>
            </param>
          </params>
          <reporter-output>
          </reporter-output>
        </test-method> <!-- invalidLoginTest -->
        <test-method is-config="true" signature="teardown(java.lang.reflect.Method, org.testng.ITestResult)[pri:0, instance:com.updateclassiccrm.testcases.LoginPageTest@27fe3806]" started-at="2019-06-08T23:51:20Z" name="teardown" finished-at="2019-06-08T23:51:24Z" duration-ms="4077" status="PASS">
          <params>
            <param index="0">
              <value>
                <![CDATA[public void com.updateclassiccrm.testcases.LoginPageTest.invalidLoginTest(java.lang.reflect.Method,java.lang.String,java.lang.String) throws java.lang.Exception]]>
              </value>
            </param>
            <param index="1">
              <value>
                <![CDATA[[TestResult name=invalidLoginTest status=SUCCESS method=LoginPageTest.invalidLoginTest(java.lang.reflect.Method, java.lang.String, java.lang.String)[pri:5, instance:com.updateclassiccrm.testcases.LoginPageTest@27fe3806] output={null}]]]>
              </value>
            </param>
          </params>
          <reporter-output>
          </reporter-output>
        </test-method> <!-- teardown -->
        <test-method is-config="true" signature="setup(java.lang.reflect.Method, java.lang.String)[pri:0, instance:com.updateclassiccrm.testcases.LoginPageTest@27fe3806]" started-at="2019-06-08T23:51:24Z" name="setup" finished-at="2019-06-08T23:51:34Z" duration-ms="10137" status="PASS">
          <params>
            <param index="0">
              <value>
                <![CDATA[public void com.updateclassiccrm.testcases.LoginPageTest.invalidLoginTest(java.lang.reflect.Method,java.lang.String,java.lang.String) throws java.lang.Exception]]>
              </value>
            </param>
            <param index="1">
              <value>
                <![CDATA[chrome]]>
              </value>
            </param>
          </params>
          <reporter-output>
          </reporter-output>
        </test-method> <!-- setup -->
        <test-method signature="invalidLoginTest(java.lang.reflect.Method, java.lang.String, java.lang.String)[pri:5, instance:com.updateclassiccrm.testcases.LoginPageTest@27fe3806]" started-at="2019-06-08T23:51:34Z" name="invalidLoginTest" data-provider="invalidLoginData" finished-at="2019-06-08T23:51:37Z" duration-ms="2472" status="PASS">
          <params>
            <param index="0">
              <value>
                <![CDATA[public void com.updateclassiccrm.testcases.LoginPageTest.invalidLoginTest(java.lang.reflect.Method,java.lang.String,java.lang.String) throws java.lang.Exception]]>
              </value>
            </param>
            <param index="1">
              <value>
                <![CDATA[narderne2]]>
              </value>
            </param>
            <param index="2">
              <value>
                <![CDATA[TVHt389V2lfW]]>
              </value>
            </param>
          </params>
          <reporter-output>
          </reporter-output>
        </test-method> <!-- invalidLoginTest -->
        <test-method is-config="true" signature="teardown(java.lang.reflect.Method, org.testng.ITestResult)[pri:0, instance:com.updateclassiccrm.testcases.LoginPageTest@27fe3806]" started-at="2019-06-08T23:51:37Z" name="teardown" finished-at="2019-06-08T23:51:40Z" duration-ms="3507" status="PASS">
          <params>
            <param index="0">
              <value>
                <![CDATA[public void com.updateclassiccrm.testcases.LoginPageTest.invalidLoginTest(java.lang.reflect.Method,java.lang.String,java.lang.String) throws java.lang.Exception]]>
              </value>
            </param>
            <param index="1">
              <value>
                <![CDATA[[TestResult name=invalidLoginTest status=SUCCESS method=LoginPageTest.invalidLoginTest(java.lang.reflect.Method, java.lang.String, java.lang.String)[pri:5, instance:com.updateclassiccrm.testcases.LoginPageTest@27fe3806] output={null}]]]>
              </value>
            </param>
          </params>
          <reporter-output>
          </reporter-output>
        </test-method> <!-- teardown -->
      </class> <!-- com.updateclassiccrm.testcases.LoginPageTest -->
      <class name="com.updateclassiccrm.testcases.Config">
        <test-method is-config="true" signature="start()[pri:0, instance:com.updateclassiccrm.testcases.Config@69379752]" started-at="2019-06-08T23:49:31Z" name="start" finished-at="2019-06-08T23:49:31Z" duration-ms="228" status="PASS">
          <reporter-output>
          </reporter-output>
        </test-method> <!-- start -->
        <test-method is-config="true" signature="end()[pri:0, instance:com.updateclassiccrm.testcases.Config@69379752]" started-at="2019-06-08T23:54:40Z" name="end" finished-at="2019-06-08T23:54:40Z" duration-ms="311" status="PASS">
          <reporter-output>
          </reporter-output>
        </test-method> <!-- end -->
      </class> <!-- com.updateclassiccrm.testcases.Config -->
      <class name="com.updateclassiccrm.testcases.ContactPageTest">
        <test-method is-config="true" signature="setupAndLogin(java.lang.reflect.Method, java.lang.String)[pri:0, instance:com.updateclassiccrm.testcases.ContactPageTest@1d7acb34]" started-at="2019-06-08T23:52:36Z" name="setupAndLogin" finished-at="2019-06-08T23:52:50Z" duration-ms="13471" status="PASS">
          <params>
            <param index="0">
              <value>
                <![CDATA[public void com.updateclassiccrm.testcases.ContactPageTest.addNewContact(java.lang.reflect.Method,java.lang.String,java.lang.String) throws java.lang.Exception]]>
              </value>
            </param>
            <param index="1">
              <value>
                <![CDATA[chrome]]>
              </value>
            </param>
          </params>
          <reporter-output>
          </reporter-output>
        </test-method> <!-- setupAndLogin -->
        <test-method signature="addNewContact(java.lang.reflect.Method, java.lang.String, java.lang.String)[pri:9, instance:com.updateclassiccrm.testcases.ContactPageTest@1d7acb34]" started-at="2019-06-08T23:52:50Z" name="addNewContact" data-provider="contactData" finished-at="2019-06-08T23:52:54Z" duration-ms="3700" status="PASS">
          <params>
            <param index="0">
              <value>
                <![CDATA[public void com.updateclassiccrm.testcases.ContactPageTest.addNewContact(java.lang.reflect.Method,java.lang.String,java.lang.String) throws java.lang.Exception]]>
              </value>
            </param>
            <param index="1">
              <value>
                <![CDATA[firstName]]>
              </value>
            </param>
            <param index="2">
              <value>
                <![CDATA[lastName]]>
              </value>
            </param>
          </params>
          <reporter-output>
          </reporter-output>
        </test-method> <!-- addNewContact -->
        <test-method is-config="true" signature="teardown(java.lang.reflect.Method, org.testng.ITestResult)[pri:0, instance:com.updateclassiccrm.testcases.ContactPageTest@1d7acb34]" started-at="2019-06-08T23:52:54Z" name="teardown" finished-at="2019-06-08T23:52:57Z" duration-ms="3399" status="PASS">
          <params>
            <param index="0">
              <value>
                <![CDATA[public void com.updateclassiccrm.testcases.ContactPageTest.addNewContact(java.lang.reflect.Method,java.lang.String,java.lang.String) throws java.lang.Exception]]>
              </value>
            </param>
            <param index="1">
              <value>
                <![CDATA[[TestResult name=addNewContact status=SUCCESS method=ContactPageTest.addNewContact(java.lang.reflect.Method, java.lang.String, java.lang.String)[pri:9, instance:com.updateclassiccrm.testcases.ContactPageTest@1d7acb34] output={null}]]]>
              </value>
            </param>
          </params>
          <reporter-output>
          </reporter-output>
        </test-method> <!-- teardown -->
        <test-method is-config="true" signature="setupAndLogin(java.lang.reflect.Method, java.lang.String)[pri:0, instance:com.updateclassiccrm.testcases.ContactPageTest@1d7acb34]" started-at="2019-06-08T23:52:57Z" name="setupAndLogin" finished-at="2019-06-08T23:53:10Z" duration-ms="13444" status="PASS">
          <params>
            <param index="0">
              <value>
                <![CDATA[public void com.updateclassiccrm.testcases.ContactPageTest.addNewContact(java.lang.reflect.Method,java.lang.String,java.lang.String) throws java.lang.Exception]]>
              </value>
            </param>
            <param index="1">
              <value>
                <![CDATA[chrome]]>
              </value>
            </param>
          </params>
          <reporter-output>
          </reporter-output>
        </test-method> <!-- setupAndLogin -->
        <test-method signature="addNewContact(java.lang.reflect.Method, java.lang.String, java.lang.String)[pri:9, instance:com.updateclassiccrm.testcases.ContactPageTest@1d7acb34]" started-at="2019-06-08T23:53:10Z" name="addNewContact" data-provider="contactData" finished-at="2019-06-08T23:53:14Z" duration-ms="3733" status="PASS">
          <params>
            <param index="0">
              <value>
                <![CDATA[public void com.updateclassiccrm.testcases.ContactPageTest.addNewContact(java.lang.reflect.Method,java.lang.String,java.lang.String) throws java.lang.Exception]]>
              </value>
            </param>
            <param index="1">
              <value>
                <![CDATA[Willa]]>
              </value>
            </param>
            <param index="2">
              <value>
                <![CDATA[Frantz]]>
              </value>
            </param>
          </params>
          <reporter-output>
          </reporter-output>
        </test-method> <!-- addNewContact -->
        <test-method is-config="true" signature="teardown(java.lang.reflect.Method, org.testng.ITestResult)[pri:0, instance:com.updateclassiccrm.testcases.ContactPageTest@1d7acb34]" started-at="2019-06-08T23:53:14Z" name="teardown" finished-at="2019-06-08T23:53:18Z" duration-ms="3628" status="PASS">
          <params>
            <param index="0">
              <value>
                <![CDATA[public void com.updateclassiccrm.testcases.ContactPageTest.addNewContact(java.lang.reflect.Method,java.lang.String,java.lang.String) throws java.lang.Exception]]>
              </value>
            </param>
            <param index="1">
              <value>
                <![CDATA[[TestResult name=addNewContact status=SUCCESS method=ContactPageTest.addNewContact(java.lang.reflect.Method, java.lang.String, java.lang.String)[pri:9, instance:com.updateclassiccrm.testcases.ContactPageTest@1d7acb34] output={null}]]]>
              </value>
            </param>
          </params>
          <reporter-output>
          </reporter-output>
        </test-method> <!-- teardown -->
        <test-method is-config="true" signature="setupAndLogin(java.lang.reflect.Method, java.lang.String)[pri:0, instance:com.updateclassiccrm.testcases.ContactPageTest@1d7acb34]" started-at="2019-06-08T23:53:18Z" name="setupAndLogin" finished-at="2019-06-08T23:53:31Z" duration-ms="13373" status="PASS">
          <params>
            <param index="0">
              <value>
                <![CDATA[public void com.updateclassiccrm.testcases.ContactPageTest.addNewContact(java.lang.reflect.Method,java.lang.String,java.lang.String) throws java.lang.Exception]]>
              </value>
            </param>
            <param index="1">
              <value>
                <![CDATA[chrome]]>
              </value>
            </param>
          </params>
          <reporter-output>
          </reporter-output>
        </test-method> <!-- setupAndLogin -->
        <test-method signature="addNewContact(java.lang.reflect.Method, java.lang.String, java.lang.String)[pri:9, instance:com.updateclassiccrm.testcases.ContactPageTest@1d7acb34]" started-at="2019-06-08T23:53:31Z" name="addNewContact" data-provider="contactData" finished-at="2019-06-08T23:53:35Z" duration-ms="3547" status="PASS">
          <params>
            <param index="0">
              <value>
                <![CDATA[public void com.updateclassiccrm.testcases.ContactPageTest.addNewContact(java.lang.reflect.Method,java.lang.String,java.lang.String) throws java.lang.Exception]]>
              </value>
            </param>
            <param index="1">
              <value>
                <![CDATA[Moyra]]>
              </value>
            </param>
            <param index="2">
              <value>
                <![CDATA[Brahan]]>
              </value>
            </param>
          </params>
          <reporter-output>
          </reporter-output>
        </test-method> <!-- addNewContact -->
        <test-method is-config="true" signature="teardown(java.lang.reflect.Method, org.testng.ITestResult)[pri:0, instance:com.updateclassiccrm.testcases.ContactPageTest@1d7acb34]" started-at="2019-06-08T23:53:35Z" name="teardown" finished-at="2019-06-08T23:53:38Z" duration-ms="3643" status="PASS">
          <params>
            <param index="0">
              <value>
                <![CDATA[public void com.updateclassiccrm.testcases.ContactPageTest.addNewContact(java.lang.reflect.Method,java.lang.String,java.lang.String) throws java.lang.Exception]]>
              </value>
            </param>
            <param index="1">
              <value>
                <![CDATA[[TestResult name=addNewContact status=SUCCESS method=ContactPageTest.addNewContact(java.lang.reflect.Method, java.lang.String, java.lang.String)[pri:9, instance:com.updateclassiccrm.testcases.ContactPageTest@1d7acb34] output={null}]]]>
              </value>
            </param>
          </params>
          <reporter-output>
          </reporter-output>
        </test-method> <!-- teardown -->
        <test-method is-config="true" signature="setupAndLogin(java.lang.reflect.Method, java.lang.String)[pri:0, instance:com.updateclassiccrm.testcases.ContactPageTest@1d7acb34]" started-at="2019-06-08T23:53:38Z" name="setupAndLogin" finished-at="2019-06-08T23:53:52Z" duration-ms="13526" status="PASS">
          <params>
            <param index="0">
              <value>
                <![CDATA[public void com.updateclassiccrm.testcases.ContactPageTest.addNewContact(java.lang.reflect.Method,java.lang.String,java.lang.String) throws java.lang.Exception]]>
              </value>
            </param>
            <param index="1">
              <value>
                <![CDATA[chrome]]>
              </value>
            </param>
          </params>
          <reporter-output>
          </reporter-output>
        </test-method> <!-- setupAndLogin -->
        <test-method signature="addNewContact(java.lang.reflect.Method, java.lang.String, java.lang.String)[pri:9, instance:com.updateclassiccrm.testcases.ContactPageTest@1d7acb34]" started-at="2019-06-08T23:53:52Z" name="addNewContact" data-provider="contactData" finished-at="2019-06-08T23:53:55Z" duration-ms="3575" status="PASS">
          <params>
            <param index="0">
              <value>
                <![CDATA[public void com.updateclassiccrm.testcases.ContactPageTest.addNewContact(java.lang.reflect.Method,java.lang.String,java.lang.String) throws java.lang.Exception]]>
              </value>
            </param>
            <param index="1">
              <value>
                <![CDATA[Lynda]]>
              </value>
            </param>
            <param index="2">
              <value>
                <![CDATA[Dunnet]]>
              </value>
            </param>
          </params>
          <reporter-output>
          </reporter-output>
        </test-method> <!-- addNewContact -->
        <test-method is-config="true" signature="teardown(java.lang.reflect.Method, org.testng.ITestResult)[pri:0, instance:com.updateclassiccrm.testcases.ContactPageTest@1d7acb34]" started-at="2019-06-08T23:53:55Z" name="teardown" finished-at="2019-06-08T23:53:59Z" duration-ms="3329" status="PASS">
          <params>
            <param index="0">
              <value>
                <![CDATA[public void com.updateclassiccrm.testcases.ContactPageTest.addNewContact(java.lang.reflect.Method,java.lang.String,java.lang.String) throws java.lang.Exception]]>
              </value>
            </param>
            <param index="1">
              <value>
                <![CDATA[[TestResult name=addNewContact status=SUCCESS method=ContactPageTest.addNewContact(java.lang.reflect.Method, java.lang.String, java.lang.String)[pri:9, instance:com.updateclassiccrm.testcases.ContactPageTest@1d7acb34] output={null}]]]>
              </value>
            </param>
          </params>
          <reporter-output>
          </reporter-output>
        </test-method> <!-- teardown -->
        <test-method is-config="true" signature="setupAndLogin(java.lang.reflect.Method, java.lang.String)[pri:0, instance:com.updateclassiccrm.testcases.ContactPageTest@1d7acb34]" started-at="2019-06-08T23:53:59Z" name="setupAndLogin" finished-at="2019-06-08T23:54:12Z" duration-ms="13268" status="PASS">
          <params>
            <param index="0">
              <value>
                <![CDATA[public void com.updateclassiccrm.testcases.ContactPageTest.addNewContact(java.lang.reflect.Method,java.lang.String,java.lang.String) throws java.lang.Exception]]>
              </value>
            </param>
            <param index="1">
              <value>
                <![CDATA[chrome]]>
              </value>
            </param>
          </params>
          <reporter-output>
          </reporter-output>
        </test-method> <!-- setupAndLogin -->
        <test-method signature="addNewContact(java.lang.reflect.Method, java.lang.String, java.lang.String)[pri:9, instance:com.updateclassiccrm.testcases.ContactPageTest@1d7acb34]" started-at="2019-06-08T23:54:12Z" name="addNewContact" data-provider="contactData" finished-at="2019-06-08T23:54:16Z" duration-ms="3781" status="PASS">
          <params>
            <param index="0">
              <value>
                <![CDATA[public void com.updateclassiccrm.testcases.ContactPageTest.addNewContact(java.lang.reflect.Method,java.lang.String,java.lang.String) throws java.lang.Exception]]>
              </value>
            </param>
            <param index="1">
              <value>
                <![CDATA[Dicky]]>
              </value>
            </param>
            <param index="2">
              <value>
                <![CDATA[Beddall]]>
              </value>
            </param>
          </params>
          <reporter-output>
          </reporter-output>
        </test-method> <!-- addNewContact -->
        <test-method is-config="true" signature="teardown(java.lang.reflect.Method, org.testng.ITestResult)[pri:0, instance:com.updateclassiccrm.testcases.ContactPageTest@1d7acb34]" started-at="2019-06-08T23:54:16Z" name="teardown" finished-at="2019-06-08T23:54:19Z" duration-ms="3477" status="PASS">
          <params>
            <param index="0">
              <value>
                <![CDATA[public void com.updateclassiccrm.testcases.ContactPageTest.addNewContact(java.lang.reflect.Method,java.lang.String,java.lang.String) throws java.lang.Exception]]>
              </value>
            </param>
            <param index="1">
              <value>
                <![CDATA[[TestResult name=addNewContact status=SUCCESS method=ContactPageTest.addNewContact(java.lang.reflect.Method, java.lang.String, java.lang.String)[pri:9, instance:com.updateclassiccrm.testcases.ContactPageTest@1d7acb34] output={null}]]]>
              </value>
            </param>
          </params>
          <reporter-output>
          </reporter-output>
        </test-method> <!-- teardown -->
        <test-method is-config="true" signature="setupAndLogin(java.lang.reflect.Method, java.lang.String)[pri:0, instance:com.updateclassiccrm.testcases.ContactPageTest@1d7acb34]" started-at="2019-06-08T23:54:19Z" name="setupAndLogin" finished-at="2019-06-08T23:54:33Z" duration-ms="13298" status="PASS">
          <params>
            <param index="0">
              <value>
                <![CDATA[public void com.updateclassiccrm.testcases.ContactPageTest.addNewContact(java.lang.reflect.Method,java.lang.String,java.lang.String) throws java.lang.Exception]]>
              </value>
            </param>
            <param index="1">
              <value>
                <![CDATA[chrome]]>
              </value>
            </param>
          </params>
          <reporter-output>
          </reporter-output>
        </test-method> <!-- setupAndLogin -->
        <test-method signature="addNewContact(java.lang.reflect.Method, java.lang.String, java.lang.String)[pri:9, instance:com.updateclassiccrm.testcases.ContactPageTest@1d7acb34]" started-at="2019-06-08T23:54:33Z" name="addNewContact" data-provider="contactData" finished-at="2019-06-08T23:54:37Z" duration-ms="3886" status="PASS">
          <params>
            <param index="0">
              <value>
                <![CDATA[public void com.updateclassiccrm.testcases.ContactPageTest.addNewContact(java.lang.reflect.Method,java.lang.String,java.lang.String) throws java.lang.Exception]]>
              </value>
            </param>
            <param index="1">
              <value>
                <![CDATA[Serene]]>
              </value>
            </param>
            <param index="2">
              <value>
                <![CDATA[Feetham]]>
              </value>
            </param>
          </params>
          <reporter-output>
          </reporter-output>
        </test-method> <!-- addNewContact -->
        <test-method is-config="true" signature="teardown(java.lang.reflect.Method, org.testng.ITestResult)[pri:0, instance:com.updateclassiccrm.testcases.ContactPageTest@1d7acb34]" started-at="2019-06-08T23:54:37Z" name="teardown" finished-at="2019-06-08T23:54:40Z" duration-ms="3368" status="PASS">
          <params>
            <param index="0">
              <value>
                <![CDATA[public void com.updateclassiccrm.testcases.ContactPageTest.addNewContact(java.lang.reflect.Method,java.lang.String,java.lang.String) throws java.lang.Exception]]>
              </value>
            </param>
            <param index="1">
              <value>
                <![CDATA[[TestResult name=addNewContact status=SUCCESS method=ContactPageTest.addNewContact(java.lang.reflect.Method, java.lang.String, java.lang.String)[pri:9, instance:com.updateclassiccrm.testcases.ContactPageTest@1d7acb34] output={null}]]]>
              </value>
            </param>
          </params>
          <reporter-output>
          </reporter-output>
        </test-method> <!-- teardown -->
      </class> <!-- com.updateclassiccrm.testcases.ContactPageTest -->
    </test> <!-- End To End -->
  </suite> <!-- CRMPRO TEST AUTOMATION -->
</testng-results>
